<?xml version="1.0" encoding="UTF-8"?>
<!-- Generated by org.testng.reporters.JUnitXMLReporter -->
<testsuite hostname="L-156199897" name="Test" tests="3" failures="1" timestamp="7 Jan 2022 12:18:05 GMT" time="23.157" errors="0">
  <testcase name="addsub" time="0.018" classname="Script.links"/>
  <testcase name="addsum" time="0.002" classname="Script.links"/>
  <testcase name="linksMethod" time="22.149" classname="Script.links">
    <failure type="java.lang.AssertionError" message="expected [false] but found [true]">
      <![CDATA[java.lang.AssertionError: expected [false] but found [true]
	at Script.links.linksMethod(links.java:51)
... Removed 31 stack frames]]>
    </failure>
  </testcase> <!-- linksMethod -->
</testsuite> <!-- Test -->
