<?xml version="1.0" encoding="UTF-8"?>
<!-- Generated by org.testng.reporters.JUnitXMLReporter -->
<testsuite hostname="L-156199897" name="Test" tests="4" failures="1" timestamp="7 Jan 2022 12:47:31 GMT" time="53.037" errors="0">
  <testcase name="linksMethod" time="49.682" classname="Script.links">
    <failure type="java.lang.AssertionError" message="expected [false] but found [true]">
      <![CDATA[java.lang.AssertionError: expected [false] but found [true]
	at Script.links.linksMethod(links.java:51)
... Removed 31 stack frames]]>
    </failure>
  </testcase> <!-- linksMethod -->
  <testcase name="addsum" time="0.001" classname="Script.links"/>
  <testcase name="addsub" time="0.001" classname="Script.links"/>
  <testcase name="TestPDF" time="2.23" classname="Script.ReadPDF"/>
</testsuite> <!-- Test -->
